2024-01-08 15:15:28,403 INFO  battles [pool-2-thread-1] Battle started with users kienboec and altenhof
2024-01-08 15:15:28,410 INFO  battles [pool-2-thread-1] 
--------
Round 1
--------
2024-01-08 15:15:28,411 INFO  battles [pool-2-thread-1] Deck of kienboec:
2024-01-08 15:15:28,412 INFO  battles [pool-2-thread-1]     WaterGoblin (10)
2024-01-08 15:15:28,412 INFO  battles [pool-2-thread-1]     Dragon (50)
2024-01-08 15:15:28,412 INFO  battles [pool-2-thread-1]     WaterSpell (20)
2024-01-08 15:15:28,412 INFO  battles [pool-2-thread-1]     RegularSpell (28)
2024-01-08 15:15:28,412 INFO  battles [pool-2-thread-1] Deck of altenhof:
2024-01-08 15:15:28,412 INFO  battles [pool-2-thread-1]     RegularSpell (50)
2024-01-08 15:15:28,412 INFO  battles [pool-2-thread-1]     Knight (20)
2024-01-08 15:15:28,412 INFO  battles [pool-2-thread-1]     WaterSpell (22)
2024-01-08 15:15:28,412 INFO  battles [pool-2-thread-1]     RegularSpell (45)
2024-01-08 15:15:28,419 INFO  battles [pool-2-thread-1] kienboec attacks with WaterGoblin (10) -> Actual Damage: 10
2024-01-08 15:15:28,419 INFO  battles [pool-2-thread-1] altenhof attacks with Knight (20) -> Actual Damage: 20
2024-01-08 15:15:28,419 INFO  battles [pool-2-thread-1] WINNER: altenhof
2024-01-08 15:15:28,420 INFO  battles [pool-2-thread-1] -> Card "845f0dc7-37d0-426e-994e-43fc3ac83c08" (WaterGoblin) goes from kienboec to altenhof
2024-01-08 15:15:28,429 INFO  battles [pool-2-thread-1] (Remaining cards in deck: kienboec: 3; altenhof: 5)
2024-01-08 15:15:28,429 INFO  battles [pool-2-thread-1] 
--------
Round 2
--------
2024-01-08 15:15:28,429 INFO  battles [pool-2-thread-1] Deck of kienboec:
2024-01-08 15:15:28,429 INFO  battles [pool-2-thread-1]     Dragon (50)
2024-01-08 15:15:28,429 INFO  battles [pool-2-thread-1]     WaterSpell (20)
2024-01-08 15:15:28,429 INFO  battles [pool-2-thread-1]     RegularSpell (28)
2024-01-08 15:15:28,429 INFO  battles [pool-2-thread-1] Deck of altenhof:
2024-01-08 15:15:28,429 INFO  battles [pool-2-thread-1]     RegularSpell (50)
2024-01-08 15:15:28,429 INFO  battles [pool-2-thread-1]     Knight (20)
2024-01-08 15:15:28,429 INFO  battles [pool-2-thread-1]     WaterSpell (22)
2024-01-08 15:15:28,429 INFO  battles [pool-2-thread-1]     RegularSpell (45)
2024-01-08 15:15:28,429 INFO  battles [pool-2-thread-1]     WaterGoblin (10)
2024-01-08 15:15:28,432 INFO  battles [pool-2-thread-1] kienboec attacks with WaterSpell (20) -> Actual Damage: 20
2024-01-08 15:15:28,432 INFO  battles [pool-2-thread-1] altenhof attacks with WaterSpell (22) -> Actual Damage: 22
2024-01-08 15:15:28,432 INFO  battles [pool-2-thread-1] WINNER: altenhof
2024-01-08 15:15:28,432 INFO  battles [pool-2-thread-1] -> Card "e85e3976-7c86-4d06-9a80-641c2019a79f" (WaterSpell) goes from kienboec to altenhof
2024-01-08 15:15:28,438 INFO  battles [pool-2-thread-1] (Remaining cards in deck: kienboec: 2; altenhof: 6)
2024-01-08 15:15:28,438 INFO  battles [pool-2-thread-1] 
--------
Round 3
--------
2024-01-08 15:15:28,438 INFO  battles [pool-2-thread-1] Deck of kienboec:
2024-01-08 15:15:28,438 INFO  battles [pool-2-thread-1]     Dragon (50)
2024-01-08 15:15:28,438 INFO  battles [pool-2-thread-1]     RegularSpell (28)
2024-01-08 15:15:28,439 INFO  battles [pool-2-thread-1] Deck of altenhof:
2024-01-08 15:15:28,439 INFO  battles [pool-2-thread-1]     RegularSpell (50)
2024-01-08 15:15:28,439 INFO  battles [pool-2-thread-1]     Knight (20)
2024-01-08 15:15:28,439 INFO  battles [pool-2-thread-1]     WaterSpell (22)
2024-01-08 15:15:28,439 INFO  battles [pool-2-thread-1]     RegularSpell (45)
2024-01-08 15:15:28,439 INFO  battles [pool-2-thread-1]     WaterGoblin (10)
2024-01-08 15:15:28,439 INFO  battles [pool-2-thread-1]     WaterSpell (20)
2024-01-08 15:15:28,441 INFO  battles [pool-2-thread-1] kienboec attacks with RegularSpell (28) -> Actual Damage: 56
2024-01-08 15:15:28,441 INFO  battles [pool-2-thread-1] altenhof attacks with WaterSpell (22) -> Actual Damage: 11
2024-01-08 15:15:28,441 INFO  battles [pool-2-thread-1] WINNER: kienboec
2024-01-08 15:15:28,441 INFO  battles [pool-2-thread-1] -> Card "d60e23cf-2238-4d49-844f-c7589ee5342e" (WaterSpell) goes from altenhof to kienboec
2024-01-08 15:15:28,445 INFO  battles [pool-2-thread-1] (Remaining cards in deck: kienboec: 3; altenhof: 5)
2024-01-08 15:15:28,445 INFO  battles [pool-2-thread-1] 
--------
Round 4
--------
2024-01-08 15:15:28,445 INFO  battles [pool-2-thread-1] Deck of kienboec:
2024-01-08 15:15:28,445 INFO  battles [pool-2-thread-1]     Dragon (50)
2024-01-08 15:15:28,445 INFO  battles [pool-2-thread-1]     RegularSpell (28)
2024-01-08 15:15:28,445 INFO  battles [pool-2-thread-1]     WaterSpell (22)
2024-01-08 15:15:28,445 INFO  battles [pool-2-thread-1] Deck of altenhof:
2024-01-08 15:15:28,445 INFO  battles [pool-2-thread-1]     RegularSpell (50)
2024-01-08 15:15:28,445 INFO  battles [pool-2-thread-1]     Knight (20)
2024-01-08 15:15:28,445 INFO  battles [pool-2-thread-1]     RegularSpell (45)
2024-01-08 15:15:28,445 INFO  battles [pool-2-thread-1]     WaterGoblin (10)
2024-01-08 15:15:28,445 INFO  battles [pool-2-thread-1]     WaterSpell (20)
2024-01-08 15:15:28,448 INFO  battles [pool-2-thread-1] kienboec attacks with Dragon (50) -> Actual Damage: 50
2024-01-08 15:15:28,448 INFO  battles [pool-2-thread-1] altenhof attacks with Knight (20) -> Actual Damage: 20
2024-01-08 15:15:28,448 INFO  battles [pool-2-thread-1] WINNER: kienboec
2024-01-08 15:15:28,448 INFO  battles [pool-2-thread-1] -> Card "d6e9c720-9b5a-40c7-a6b2-bc34752e3463" (Knight) goes from altenhof to kienboec
2024-01-08 15:15:28,454 INFO  battles [pool-2-thread-1] (Remaining cards in deck: kienboec: 4; altenhof: 4)
2024-01-08 15:15:28,454 INFO  battles [pool-2-thread-1] 
--------
Round 5
--------
2024-01-08 15:15:28,454 INFO  battles [pool-2-thread-1] Deck of kienboec:
2024-01-08 15:15:28,454 INFO  battles [pool-2-thread-1]     Dragon (50)
2024-01-08 15:15:28,454 INFO  battles [pool-2-thread-1]     RegularSpell (28)
2024-01-08 15:15:28,454 INFO  battles [pool-2-thread-1]     WaterSpell (22)
2024-01-08 15:15:28,454 INFO  battles [pool-2-thread-1]     Knight (20)
2024-01-08 15:15:28,454 INFO  battles [pool-2-thread-1] Deck of altenhof:
2024-01-08 15:15:28,454 INFO  battles [pool-2-thread-1]     RegularSpell (50)
2024-01-08 15:15:28,454 INFO  battles [pool-2-thread-1]     RegularSpell (45)
2024-01-08 15:15:28,454 INFO  battles [pool-2-thread-1]     WaterGoblin (10)
2024-01-08 15:15:28,454 INFO  battles [pool-2-thread-1]     WaterSpell (20)
2024-01-08 15:15:28,456 INFO  battles [pool-2-thread-1] kienboec attacks with WaterSpell (22) -> Actual Damage: 22
2024-01-08 15:15:28,456 INFO  battles [pool-2-thread-1] altenhof attacks with WaterSpell (20) -> Actual Damage: 20
2024-01-08 15:15:28,456 INFO  battles [pool-2-thread-1] WINNER: kienboec
2024-01-08 15:15:28,456 INFO  battles [pool-2-thread-1] -> Card "e85e3976-7c86-4d06-9a80-641c2019a79f" (WaterSpell) goes from altenhof to kienboec
2024-01-08 15:15:28,461 INFO  battles [pool-2-thread-1] (Remaining cards in deck: kienboec: 5; altenhof: 3)
2024-01-08 15:15:28,461 INFO  battles [pool-2-thread-1] 
--------
Round 6
--------
2024-01-08 15:15:28,461 INFO  battles [pool-2-thread-1] Deck of kienboec:
2024-01-08 15:15:28,461 INFO  battles [pool-2-thread-1]     Dragon (50)
2024-01-08 15:15:28,461 INFO  battles [pool-2-thread-1]     RegularSpell (28)
2024-01-08 15:15:28,461 INFO  battles [pool-2-thread-1]     WaterSpell (22)
2024-01-08 15:15:28,461 INFO  battles [pool-2-thread-1]     Knight (20)
2024-01-08 15:15:28,461 INFO  battles [pool-2-thread-1]     WaterSpell (20)
2024-01-08 15:15:28,461 INFO  battles [pool-2-thread-1] Deck of altenhof:
2024-01-08 15:15:28,461 INFO  battles [pool-2-thread-1]     RegularSpell (50)
2024-01-08 15:15:28,461 INFO  battles [pool-2-thread-1]     RegularSpell (45)
2024-01-08 15:15:28,461 INFO  battles [pool-2-thread-1]     WaterGoblin (10)
2024-01-08 15:15:28,463 INFO  battles [pool-2-thread-1] kienboec attacks with RegularSpell (28) -> Actual Damage: 28
2024-01-08 15:15:28,463 INFO  battles [pool-2-thread-1] altenhof attacks with RegularSpell (50) -> Actual Damage: 50
2024-01-08 15:15:28,463 INFO  battles [pool-2-thread-1] WINNER: altenhof
2024-01-08 15:15:28,463 INFO  battles [pool-2-thread-1] -> Card "171f6076-4eb5-4a7d-b3f2-2d650cc3d237" (RegularSpell) goes from kienboec to altenhof
2024-01-08 15:15:28,469 INFO  battles [pool-2-thread-1] (Remaining cards in deck: kienboec: 4; altenhof: 4)
2024-01-08 15:15:28,469 INFO  battles [pool-2-thread-1] 
--------
Round 7
--------
2024-01-08 15:15:28,469 INFO  battles [pool-2-thread-1] Deck of kienboec:
2024-01-08 15:15:28,469 INFO  battles [pool-2-thread-1]     Dragon (50)
2024-01-08 15:15:28,469 INFO  battles [pool-2-thread-1]     WaterSpell (22)
2024-01-08 15:15:28,469 INFO  battles [pool-2-thread-1]     Knight (20)
2024-01-08 15:15:28,470 INFO  battles [pool-2-thread-1]     WaterSpell (20)
2024-01-08 15:15:28,470 INFO  battles [pool-2-thread-1] Deck of altenhof:
2024-01-08 15:15:28,470 INFO  battles [pool-2-thread-1]     RegularSpell (50)
2024-01-08 15:15:28,470 INFO  battles [pool-2-thread-1]     RegularSpell (45)
2024-01-08 15:15:28,470 INFO  battles [pool-2-thread-1]     WaterGoblin (10)
2024-01-08 15:15:28,470 INFO  battles [pool-2-thread-1]     RegularSpell (28)
2024-01-08 15:15:28,472 INFO  battles [pool-2-thread-1] kienboec attacks with WaterSpell (20) -> Actual Damage: 10
2024-01-08 15:15:28,472 INFO  battles [pool-2-thread-1] altenhof attacks with RegularSpell (50) -> Actual Damage: 100
2024-01-08 15:15:28,472 INFO  battles [pool-2-thread-1] WINNER: altenhof
2024-01-08 15:15:28,472 INFO  battles [pool-2-thread-1] -> Card "e85e3976-7c86-4d06-9a80-641c2019a79f" (WaterSpell) goes from kienboec to altenhof
2024-01-08 15:15:28,478 INFO  battles [pool-2-thread-1] (Remaining cards in deck: kienboec: 3; altenhof: 5)
2024-01-08 15:15:28,478 INFO  battles [pool-2-thread-1] 
--------
Round 8
--------
2024-01-08 15:15:28,478 INFO  battles [pool-2-thread-1] Deck of kienboec:
2024-01-08 15:15:28,478 INFO  battles [pool-2-thread-1]     Dragon (50)
2024-01-08 15:15:28,478 INFO  battles [pool-2-thread-1]     WaterSpell (22)
2024-01-08 15:15:28,478 INFO  battles [pool-2-thread-1]     Knight (20)
2024-01-08 15:15:28,478 INFO  battles [pool-2-thread-1] Deck of altenhof:
2024-01-08 15:15:28,478 INFO  battles [pool-2-thread-1]     RegularSpell (50)
2024-01-08 15:15:28,478 INFO  battles [pool-2-thread-1]     RegularSpell (45)
2024-01-08 15:15:28,478 INFO  battles [pool-2-thread-1]     WaterGoblin (10)
2024-01-08 15:15:28,478 INFO  battles [pool-2-thread-1]     RegularSpell (28)
2024-01-08 15:15:28,478 INFO  battles [pool-2-thread-1]     WaterSpell (20)
2024-01-08 15:15:28,481 INFO  battles [pool-2-thread-1] kienboec attacks with Knight (20) -> Actual Damage: 20
2024-01-08 15:15:28,481 INFO  battles [pool-2-thread-1] altenhof attacks with RegularSpell (45) -> Actual Damage: 45
2024-01-08 15:15:28,481 INFO  battles [pool-2-thread-1] WINNER: altenhof
2024-01-08 15:15:28,481 INFO  battles [pool-2-thread-1] -> Card "d6e9c720-9b5a-40c7-a6b2-bc34752e3463" (Knight) goes from kienboec to altenhof
2024-01-08 15:15:28,488 INFO  battles [pool-2-thread-1] (Remaining cards in deck: kienboec: 2; altenhof: 6)
2024-01-08 15:15:28,489 INFO  battles [pool-2-thread-1] 
--------
Round 9
--------
2024-01-08 15:15:28,489 INFO  battles [pool-2-thread-1] Deck of kienboec:
2024-01-08 15:15:28,489 INFO  battles [pool-2-thread-1]     Dragon (50)
2024-01-08 15:15:28,489 INFO  battles [pool-2-thread-1]     WaterSpell (22)
2024-01-08 15:15:28,489 INFO  battles [pool-2-thread-1] Deck of altenhof:
2024-01-08 15:15:28,489 INFO  battles [pool-2-thread-1]     RegularSpell (50)
2024-01-08 15:15:28,489 INFO  battles [pool-2-thread-1]     RegularSpell (45)
2024-01-08 15:15:28,489 INFO  battles [pool-2-thread-1]     WaterGoblin (10)
2024-01-08 15:15:28,489 INFO  battles [pool-2-thread-1]     RegularSpell (28)
2024-01-08 15:15:28,489 INFO  battles [pool-2-thread-1]     WaterSpell (20)
2024-01-08 15:15:28,489 INFO  battles [pool-2-thread-1]     Knight (20)
2024-01-08 15:15:28,491 INFO  battles [pool-2-thread-1] kienboec attacks with WaterSpell (22) -> Actual Damage: 22
2024-01-08 15:15:28,491 INFO  battles [pool-2-thread-1] altenhof attacks with WaterSpell (20) -> Actual Damage: 20
2024-01-08 15:15:28,491 INFO  battles [pool-2-thread-1] WINNER: kienboec
2024-01-08 15:15:28,491 INFO  battles [pool-2-thread-1] -> Card "e85e3976-7c86-4d06-9a80-641c2019a79f" (WaterSpell) goes from altenhof to kienboec
2024-01-08 15:15:28,496 INFO  battles [pool-2-thread-1] (Remaining cards in deck: kienboec: 3; altenhof: 5)
2024-01-08 15:15:28,496 INFO  battles [pool-2-thread-1] 
--------
Round 10
--------
2024-01-08 15:15:28,496 INFO  battles [pool-2-thread-1] Deck of kienboec:
2024-01-08 15:15:28,496 INFO  battles [pool-2-thread-1]     Dragon (50)
2024-01-08 15:15:28,496 INFO  battles [pool-2-thread-1]     WaterSpell (22)
2024-01-08 15:15:28,496 INFO  battles [pool-2-thread-1]     WaterSpell (20)
2024-01-08 15:15:28,496 INFO  battles [pool-2-thread-1] Deck of altenhof:
2024-01-08 15:15:28,496 INFO  battles [pool-2-thread-1]     RegularSpell (50)
2024-01-08 15:15:28,496 INFO  battles [pool-2-thread-1]     RegularSpell (45)
2024-01-08 15:15:28,496 INFO  battles [pool-2-thread-1]     WaterGoblin (10)
2024-01-08 15:15:28,496 INFO  battles [pool-2-thread-1]     RegularSpell (28)
2024-01-08 15:15:28,496 INFO  battles [pool-2-thread-1]     Knight (20)
2024-01-08 15:15:28,498 INFO  battles [pool-2-thread-1] kienboec attacks with WaterSpell (22) -> Actual Damage: 11
2024-01-08 15:15:28,498 INFO  battles [pool-2-thread-1] altenhof attacks with Knight (20) -> Actual Damage: 0
2024-01-08 15:15:28,498 INFO  battles [pool-2-thread-1] WINNER: kienboec
2024-01-08 15:15:28,498 INFO  battles [pool-2-thread-1] -> Card "d6e9c720-9b5a-40c7-a6b2-bc34752e3463" (Knight) goes from altenhof to kienboec
2024-01-08 15:15:28,502 INFO  battles [pool-2-thread-1] (Remaining cards in deck: kienboec: 4; altenhof: 4)
2024-01-08 15:15:28,502 INFO  battles [pool-2-thread-1] 
--------
Round 11
--------
2024-01-08 15:15:28,502 INFO  battles [pool-2-thread-1] Deck of kienboec:
2024-01-08 15:15:28,502 INFO  battles [pool-2-thread-1]     Dragon (50)
2024-01-08 15:15:28,502 INFO  battles [pool-2-thread-1]     WaterSpell (22)
2024-01-08 15:15:28,502 INFO  battles [pool-2-thread-1]     WaterSpell (20)
2024-01-08 15:15:28,502 INFO  battles [pool-2-thread-1]     Knight (20)
2024-01-08 15:15:28,502 INFO  battles [pool-2-thread-1] Deck of altenhof:
2024-01-08 15:15:28,504 INFO  battles [pool-2-thread-1]     RegularSpell (50)
2024-01-08 15:15:28,504 INFO  battles [pool-2-thread-1]     RegularSpell (45)
2024-01-08 15:15:28,504 INFO  battles [pool-2-thread-1]     WaterGoblin (10)
2024-01-08 15:15:28,504 INFO  battles [pool-2-thread-1]     RegularSpell (28)
2024-01-08 15:15:28,506 INFO  battles [pool-2-thread-1] kienboec attacks with Knight (20) -> Actual Damage: 20
2024-01-08 15:15:28,506 INFO  battles [pool-2-thread-1] altenhof attacks with WaterGoblin (10) -> Actual Damage: 10
2024-01-08 15:15:28,506 INFO  battles [pool-2-thread-1] WINNER: kienboec
2024-01-08 15:15:28,506 INFO  battles [pool-2-thread-1] -> Card "845f0dc7-37d0-426e-994e-43fc3ac83c08" (WaterGoblin) goes from altenhof to kienboec
2024-01-08 15:15:28,510 INFO  battles [pool-2-thread-1] (Remaining cards in deck: kienboec: 5; altenhof: 3)
2024-01-08 15:15:28,510 INFO  battles [pool-2-thread-1] 
--------
Round 12
--------
2024-01-08 15:15:28,510 INFO  battles [pool-2-thread-1] Deck of kienboec:
2024-01-08 15:15:28,510 INFO  battles [pool-2-thread-1]     Dragon (50)
2024-01-08 15:15:28,510 INFO  battles [pool-2-thread-1]     WaterSpell (22)
2024-01-08 15:15:28,510 INFO  battles [pool-2-thread-1]     WaterSpell (20)
2024-01-08 15:15:28,510 INFO  battles [pool-2-thread-1]     Knight (20)
2024-01-08 15:15:28,510 INFO  battles [pool-2-thread-1]     WaterGoblin (10)
2024-01-08 15:15:28,510 INFO  battles [pool-2-thread-1] Deck of altenhof:
2024-01-08 15:15:28,510 INFO  battles [pool-2-thread-1]     RegularSpell (50)
2024-01-08 15:15:28,510 INFO  battles [pool-2-thread-1]     RegularSpell (45)
2024-01-08 15:15:28,511 INFO  battles [pool-2-thread-1]     RegularSpell (28)
2024-01-08 15:15:28,512 INFO  battles [pool-2-thread-1] kienboec attacks with Knight (20) -> Actual Damage: 20
2024-01-08 15:15:28,513 INFO  battles [pool-2-thread-1] altenhof attacks with RegularSpell (28) -> Actual Damage: 28
2024-01-08 15:15:28,513 INFO  battles [pool-2-thread-1] WINNER: altenhof
2024-01-08 15:15:28,513 INFO  battles [pool-2-thread-1] -> Card "d6e9c720-9b5a-40c7-a6b2-bc34752e3463" (Knight) goes from kienboec to altenhof
2024-01-08 15:15:28,518 INFO  battles [pool-2-thread-1] (Remaining cards in deck: kienboec: 4; altenhof: 4)
2024-01-08 15:15:28,518 INFO  battles [pool-2-thread-1] 
--------
Round 13
--------
2024-01-08 15:15:28,518 INFO  battles [pool-2-thread-1] Deck of kienboec:
2024-01-08 15:15:28,518 INFO  battles [pool-2-thread-1]     Dragon (50)
2024-01-08 15:15:28,518 INFO  battles [pool-2-thread-1]     WaterSpell (22)
2024-01-08 15:15:28,518 INFO  battles [pool-2-thread-1]     WaterSpell (20)
2024-01-08 15:15:28,518 INFO  battles [pool-2-thread-1]     WaterGoblin (10)
2024-01-08 15:15:28,518 INFO  battles [pool-2-thread-1] Deck of altenhof:
2024-01-08 15:15:28,518 INFO  battles [pool-2-thread-1]     RegularSpell (50)
2024-01-08 15:15:28,518 INFO  battles [pool-2-thread-1]     RegularSpell (45)
2024-01-08 15:15:28,518 INFO  battles [pool-2-thread-1]     RegularSpell (28)
2024-01-08 15:15:28,518 INFO  battles [pool-2-thread-1]     Knight (20)
2024-01-08 15:15:28,521 INFO  battles [pool-2-thread-1] kienboec attacks with Dragon (50) -> Actual Damage: 100
2024-01-08 15:15:28,521 INFO  battles [pool-2-thread-1] altenhof attacks with RegularSpell (45) -> Actual Damage: 22
2024-01-08 15:15:28,521 INFO  battles [pool-2-thread-1] WINNER: kienboec
2024-01-08 15:15:28,521 INFO  battles [pool-2-thread-1] -> Card "02a9c76e-b17d-427f-9240-2dd49b0d3bfd" (RegularSpell) goes from altenhof to kienboec
2024-01-08 15:15:28,525 INFO  battles [pool-2-thread-1] (Remaining cards in deck: kienboec: 5; altenhof: 3)
2024-01-08 15:15:28,525 INFO  battles [pool-2-thread-1] 
--------
Round 14
--------
2024-01-08 15:15:28,525 INFO  battles [pool-2-thread-1] Deck of kienboec:
2024-01-08 15:15:28,526 INFO  battles [pool-2-thread-1]     Dragon (50)
2024-01-08 15:15:28,526 INFO  battles [pool-2-thread-1]     WaterSpell (22)
2024-01-08 15:15:28,526 INFO  battles [pool-2-thread-1]     WaterSpell (20)
2024-01-08 15:15:28,526 INFO  battles [pool-2-thread-1]     WaterGoblin (10)
2024-01-08 15:15:28,526 INFO  battles [pool-2-thread-1]     RegularSpell (45)
2024-01-08 15:15:28,526 INFO  battles [pool-2-thread-1] Deck of altenhof:
2024-01-08 15:15:28,526 INFO  battles [pool-2-thread-1]     RegularSpell (50)
2024-01-08 15:15:28,526 INFO  battles [pool-2-thread-1]     RegularSpell (28)
2024-01-08 15:15:28,526 INFO  battles [pool-2-thread-1]     Knight (20)
2024-01-08 15:15:28,529 INFO  battles [pool-2-thread-1] kienboec attacks with WaterSpell (22) -> Actual Damage: 11
2024-01-08 15:15:28,529 INFO  battles [pool-2-thread-1] altenhof attacks with RegularSpell (28) -> Actual Damage: 56
2024-01-08 15:15:28,529 INFO  battles [pool-2-thread-1] WINNER: altenhof
2024-01-08 15:15:28,529 INFO  battles [pool-2-thread-1] -> Card "d60e23cf-2238-4d49-844f-c7589ee5342e" (WaterSpell) goes from kienboec to altenhof
2024-01-08 15:15:28,534 INFO  battles [pool-2-thread-1] (Remaining cards in deck: kienboec: 4; altenhof: 4)
2024-01-08 15:15:28,534 INFO  battles [pool-2-thread-1] 
--------
Round 15
--------
2024-01-08 15:15:28,534 INFO  battles [pool-2-thread-1] Deck of kienboec:
2024-01-08 15:15:28,534 INFO  battles [pool-2-thread-1]     Dragon (50)
2024-01-08 15:15:28,534 INFO  battles [pool-2-thread-1]     WaterSpell (20)
2024-01-08 15:15:28,534 INFO  battles [pool-2-thread-1]     WaterGoblin (10)
2024-01-08 15:15:28,534 INFO  battles [pool-2-thread-1]     RegularSpell (45)
2024-01-08 15:15:28,534 INFO  battles [pool-2-thread-1] Deck of altenhof:
2024-01-08 15:15:28,534 INFO  battles [pool-2-thread-1]     RegularSpell (50)
2024-01-08 15:15:28,534 INFO  battles [pool-2-thread-1]     RegularSpell (28)
2024-01-08 15:15:28,534 INFO  battles [pool-2-thread-1]     Knight (20)
2024-01-08 15:15:28,534 INFO  battles [pool-2-thread-1]     WaterSpell (22)
2024-01-08 15:15:28,536 INFO  battles [pool-2-thread-1] kienboec attacks with WaterSpell (20) -> Actual Damage: 10
2024-01-08 15:15:28,536 INFO  battles [pool-2-thread-1] altenhof attacks with RegularSpell (28) -> Actual Damage: 56
2024-01-08 15:15:28,536 INFO  battles [pool-2-thread-1] WINNER: altenhof
2024-01-08 15:15:28,536 INFO  battles [pool-2-thread-1] -> Card "e85e3976-7c86-4d06-9a80-641c2019a79f" (WaterSpell) goes from kienboec to altenhof
2024-01-08 15:15:28,541 INFO  battles [pool-2-thread-1] (Remaining cards in deck: kienboec: 3; altenhof: 5)
2024-01-08 15:15:28,542 INFO  battles [pool-2-thread-1] 
--------
Round 16
--------
2024-01-08 15:15:28,542 INFO  battles [pool-2-thread-1] Deck of kienboec:
2024-01-08 15:15:28,542 INFO  battles [pool-2-thread-1]     Dragon (50)
2024-01-08 15:15:28,542 INFO  battles [pool-2-thread-1]     WaterGoblin (10)
2024-01-08 15:15:28,542 INFO  battles [pool-2-thread-1]     RegularSpell (45)
2024-01-08 15:15:28,542 INFO  battles [pool-2-thread-1] Deck of altenhof:
2024-01-08 15:15:28,542 INFO  battles [pool-2-thread-1]     RegularSpell (50)
2024-01-08 15:15:28,542 INFO  battles [pool-2-thread-1]     RegularSpell (28)
2024-01-08 15:15:28,542 INFO  battles [pool-2-thread-1]     Knight (20)
2024-01-08 15:15:28,542 INFO  battles [pool-2-thread-1]     WaterSpell (22)
2024-01-08 15:15:28,542 INFO  battles [pool-2-thread-1]     WaterSpell (20)
2024-01-08 15:15:28,544 INFO  battles [pool-2-thread-1] kienboec attacks with Dragon (50) -> Actual Damage: 100
2024-01-08 15:15:28,544 INFO  battles [pool-2-thread-1] altenhof attacks with RegularSpell (28) -> Actual Damage: 14
2024-01-08 15:15:28,545 INFO  battles [pool-2-thread-1] WINNER: kienboec
2024-01-08 15:15:28,545 INFO  battles [pool-2-thread-1] -> Card "171f6076-4eb5-4a7d-b3f2-2d650cc3d237" (RegularSpell) goes from altenhof to kienboec
2024-01-08 15:15:28,553 INFO  battles [pool-2-thread-1] (Remaining cards in deck: kienboec: 4; altenhof: 4)
2024-01-08 15:15:28,553 INFO  battles [pool-2-thread-1] 
--------
Round 17
--------
2024-01-08 15:15:28,553 INFO  battles [pool-2-thread-1] Deck of kienboec:
2024-01-08 15:15:28,553 INFO  battles [pool-2-thread-1]     Dragon (50)
2024-01-08 15:15:28,553 INFO  battles [pool-2-thread-1]     WaterGoblin (10)
2024-01-08 15:15:28,553 INFO  battles [pool-2-thread-1]     RegularSpell (45)
2024-01-08 15:15:28,553 INFO  battles [pool-2-thread-1]     RegularSpell (28)
2024-01-08 15:15:28,553 INFO  battles [pool-2-thread-1] Deck of altenhof:
2024-01-08 15:15:28,553 INFO  battles [pool-2-thread-1]     RegularSpell (50)
2024-01-08 15:15:28,553 INFO  battles [pool-2-thread-1]     Knight (20)
2024-01-08 15:15:28,553 INFO  battles [pool-2-thread-1]     WaterSpell (22)
2024-01-08 15:15:28,553 INFO  battles [pool-2-thread-1]     WaterSpell (20)
2024-01-08 15:15:28,556 INFO  battles [pool-2-thread-1] kienboec attacks with Dragon (50) -> Actual Damage: 100
2024-01-08 15:15:28,556 INFO  battles [pool-2-thread-1] altenhof attacks with RegularSpell (50) -> Actual Damage: 25
2024-01-08 15:15:28,556 INFO  battles [pool-2-thread-1] WINNER: kienboec
2024-01-08 15:15:28,556 INFO  battles [pool-2-thread-1] -> Card "aa9999a0-734c-49c6-8f4a-651864b14e62" (RegularSpell) goes from altenhof to kienboec
2024-01-08 15:15:28,561 INFO  battles [pool-2-thread-1] (Remaining cards in deck: kienboec: 5; altenhof: 3)
2024-01-08 15:15:28,561 INFO  battles [pool-2-thread-1] 
--------
Round 18
--------
2024-01-08 15:15:28,561 INFO  battles [pool-2-thread-1] Deck of kienboec:
2024-01-08 15:15:28,562 INFO  battles [pool-2-thread-1]     Dragon (50)
2024-01-08 15:15:28,562 INFO  battles [pool-2-thread-1]     WaterGoblin (10)
2024-01-08 15:15:28,562 INFO  battles [pool-2-thread-1]     RegularSpell (45)
2024-01-08 15:15:28,562 INFO  battles [pool-2-thread-1]     RegularSpell (28)
2024-01-08 15:15:28,562 INFO  battles [pool-2-thread-1]     RegularSpell (50)
2024-01-08 15:15:28,562 INFO  battles [pool-2-thread-1] Deck of altenhof:
2024-01-08 15:15:28,562 INFO  battles [pool-2-thread-1]     Knight (20)
2024-01-08 15:15:28,562 INFO  battles [pool-2-thread-1]     WaterSpell (22)
2024-01-08 15:15:28,562 INFO  battles [pool-2-thread-1]     WaterSpell (20)
2024-01-08 15:15:28,563 INFO  battles [pool-2-thread-1] kienboec attacks with Dragon (50) -> Actual Damage: 50
2024-01-08 15:15:28,564 INFO  battles [pool-2-thread-1] altenhof attacks with Knight (20) -> Actual Damage: 20
2024-01-08 15:15:28,564 INFO  battles [pool-2-thread-1] WINNER: kienboec
2024-01-08 15:15:28,564 INFO  battles [pool-2-thread-1] -> Card "d6e9c720-9b5a-40c7-a6b2-bc34752e3463" (Knight) goes from altenhof to kienboec
2024-01-08 15:15:28,569 INFO  battles [pool-2-thread-1] (Remaining cards in deck: kienboec: 6; altenhof: 2)
2024-01-08 15:15:28,569 INFO  battles [pool-2-thread-1] 
--------
Round 19
--------
2024-01-08 15:15:28,569 INFO  battles [pool-2-thread-1] Deck of kienboec:
2024-01-08 15:15:28,569 INFO  battles [pool-2-thread-1]     Dragon (50)
2024-01-08 15:15:28,569 INFO  battles [pool-2-thread-1]     WaterGoblin (10)
2024-01-08 15:15:28,569 INFO  battles [pool-2-thread-1]     RegularSpell (45)
2024-01-08 15:15:28,569 INFO  battles [pool-2-thread-1]     RegularSpell (28)
2024-01-08 15:15:28,569 INFO  battles [pool-2-thread-1]     RegularSpell (50)
2024-01-08 15:15:28,569 INFO  battles [pool-2-thread-1]     Knight (20)
2024-01-08 15:15:28,569 INFO  battles [pool-2-thread-1] Deck of altenhof:
2024-01-08 15:15:28,569 INFO  battles [pool-2-thread-1]     WaterSpell (22)
2024-01-08 15:15:28,569 INFO  battles [pool-2-thread-1]     WaterSpell (20)
2024-01-08 15:15:28,571 INFO  battles [pool-2-thread-1] kienboec attacks with RegularSpell (28) -> Actual Damage: 56
2024-01-08 15:15:28,571 INFO  battles [pool-2-thread-1] altenhof attacks with WaterSpell (20) -> Actual Damage: 10
2024-01-08 15:15:28,571 INFO  battles [pool-2-thread-1] WINNER: kienboec
2024-01-08 15:15:28,571 INFO  battles [pool-2-thread-1] -> Card "e85e3976-7c86-4d06-9a80-641c2019a79f" (WaterSpell) goes from altenhof to kienboec
2024-01-08 15:15:28,576 INFO  battles [pool-2-thread-1] (Remaining cards in deck: kienboec: 7; altenhof: 1)
2024-01-08 15:15:28,576 INFO  battles [pool-2-thread-1] 
--------
Round 20
--------
2024-01-08 15:15:28,576 INFO  battles [pool-2-thread-1] Deck of kienboec:
2024-01-08 15:15:28,576 INFO  battles [pool-2-thread-1]     Dragon (50)
2024-01-08 15:15:28,576 INFO  battles [pool-2-thread-1]     WaterGoblin (10)
2024-01-08 15:15:28,576 INFO  battles [pool-2-thread-1]     RegularSpell (45)
2024-01-08 15:15:28,576 INFO  battles [pool-2-thread-1]     RegularSpell (28)
2024-01-08 15:15:28,576 INFO  battles [pool-2-thread-1]     RegularSpell (50)
2024-01-08 15:15:28,576 INFO  battles [pool-2-thread-1]     Knight (20)
2024-01-08 15:15:28,576 INFO  battles [pool-2-thread-1]     WaterSpell (20)
2024-01-08 15:15:28,576 INFO  battles [pool-2-thread-1] Deck of altenhof:
2024-01-08 15:15:28,576 INFO  battles [pool-2-thread-1]     WaterSpell (22)
2024-01-08 15:15:28,578 INFO  battles [pool-2-thread-1] kienboec attacks with Dragon (50) -> Actual Damage: 25
2024-01-08 15:15:28,578 INFO  battles [pool-2-thread-1] altenhof attacks with WaterSpell (22) -> Actual Damage: 44
2024-01-08 15:15:28,578 INFO  battles [pool-2-thread-1] WINNER: altenhof
2024-01-08 15:15:28,578 INFO  battles [pool-2-thread-1] -> Card "99f8f8dc-e25e-4a95-aa2c-782823f36e2a" (Dragon) goes from kienboec to altenhof
2024-01-08 15:15:28,583 INFO  battles [pool-2-thread-1] (Remaining cards in deck: kienboec: 6; altenhof: 2)
2024-01-08 15:15:28,583 INFO  battles [pool-2-thread-1] 
--------
Round 21
--------
2024-01-08 15:15:28,583 INFO  battles [pool-2-thread-1] Deck of kienboec:
2024-01-08 15:15:28,583 INFO  battles [pool-2-thread-1]     WaterGoblin (10)
2024-01-08 15:15:28,583 INFO  battles [pool-2-thread-1]     RegularSpell (45)
2024-01-08 15:15:28,583 INFO  battles [pool-2-thread-1]     RegularSpell (28)
2024-01-08 15:15:28,583 INFO  battles [pool-2-thread-1]     RegularSpell (50)
2024-01-08 15:15:28,583 INFO  battles [pool-2-thread-1]     Knight (20)
2024-01-08 15:15:28,583 INFO  battles [pool-2-thread-1]     WaterSpell (20)
2024-01-08 15:15:28,583 INFO  battles [pool-2-thread-1] Deck of altenhof:
2024-01-08 15:15:28,583 INFO  battles [pool-2-thread-1]     WaterSpell (22)
2024-01-08 15:15:28,583 INFO  battles [pool-2-thread-1]     Dragon (50)
2024-01-08 15:15:28,586 INFO  battles [pool-2-thread-1] kienboec attacks with Knight (20) -> Actual Damage: 0
2024-01-08 15:15:28,586 INFO  battles [pool-2-thread-1] altenhof attacks with WaterSpell (22) -> Actual Damage: 11
2024-01-08 15:15:28,586 INFO  battles [pool-2-thread-1] WINNER: altenhof
2024-01-08 15:15:28,586 INFO  battles [pool-2-thread-1] -> Card "d6e9c720-9b5a-40c7-a6b2-bc34752e3463" (Knight) goes from kienboec to altenhof
2024-01-08 15:15:28,590 INFO  battles [pool-2-thread-1] (Remaining cards in deck: kienboec: 5; altenhof: 3)
2024-01-08 15:15:28,590 INFO  battles [pool-2-thread-1] 
--------
Round 22
--------
2024-01-08 15:15:28,590 INFO  battles [pool-2-thread-1] Deck of kienboec:
2024-01-08 15:15:28,591 INFO  battles [pool-2-thread-1]     WaterGoblin (10)
2024-01-08 15:15:28,591 INFO  battles [pool-2-thread-1]     RegularSpell (45)
2024-01-08 15:15:28,591 INFO  battles [pool-2-thread-1]     RegularSpell (28)
2024-01-08 15:15:28,591 INFO  battles [pool-2-thread-1]     RegularSpell (50)
2024-01-08 15:15:28,591 INFO  battles [pool-2-thread-1]     WaterSpell (20)
2024-01-08 15:15:28,591 INFO  battles [pool-2-thread-1] Deck of altenhof:
2024-01-08 15:15:28,591 INFO  battles [pool-2-thread-1]     WaterSpell (22)
2024-01-08 15:15:28,591 INFO  battles [pool-2-thread-1]     Dragon (50)
2024-01-08 15:15:28,591 INFO  battles [pool-2-thread-1]     Knight (20)
2024-01-08 15:15:28,593 INFO  battles [pool-2-thread-1] kienboec attacks with RegularSpell (28) -> Actual Damage: 56
2024-01-08 15:15:28,593 INFO  battles [pool-2-thread-1] altenhof attacks with WaterSpell (22) -> Actual Damage: 11
2024-01-08 15:15:28,593 INFO  battles [pool-2-thread-1] WINNER: kienboec
2024-01-08 15:15:28,593 INFO  battles [pool-2-thread-1] -> Card "d60e23cf-2238-4d49-844f-c7589ee5342e" (WaterSpell) goes from altenhof to kienboec
2024-01-08 15:15:28,597 INFO  battles [pool-2-thread-1] (Remaining cards in deck: kienboec: 6; altenhof: 2)
2024-01-08 15:15:28,597 INFO  battles [pool-2-thread-1] 
--------
Round 23
--------
2024-01-08 15:15:28,597 INFO  battles [pool-2-thread-1] Deck of kienboec:
2024-01-08 15:15:28,597 INFO  battles [pool-2-thread-1]     WaterGoblin (10)
2024-01-08 15:15:28,597 INFO  battles [pool-2-thread-1]     RegularSpell (45)
2024-01-08 15:15:28,597 INFO  battles [pool-2-thread-1]     RegularSpell (28)
2024-01-08 15:15:28,597 INFO  battles [pool-2-thread-1]     RegularSpell (50)
2024-01-08 15:15:28,597 INFO  battles [pool-2-thread-1]     WaterSpell (20)
2024-01-08 15:15:28,597 INFO  battles [pool-2-thread-1]     WaterSpell (22)
2024-01-08 15:15:28,597 INFO  battles [pool-2-thread-1] Deck of altenhof:
2024-01-08 15:15:28,597 INFO  battles [pool-2-thread-1]     Dragon (50)
2024-01-08 15:15:28,597 INFO  battles [pool-2-thread-1]     Knight (20)
2024-01-08 15:15:28,599 INFO  battles [pool-2-thread-1] kienboec attacks with RegularSpell (50) -> Actual Damage: 25
2024-01-08 15:15:28,599 INFO  battles [pool-2-thread-1] altenhof attacks with Dragon (50) -> Actual Damage: 100
2024-01-08 15:15:28,599 INFO  battles [pool-2-thread-1] WINNER: altenhof
2024-01-08 15:15:28,599 INFO  battles [pool-2-thread-1] -> Card "aa9999a0-734c-49c6-8f4a-651864b14e62" (RegularSpell) goes from kienboec to altenhof
2024-01-08 15:15:28,604 INFO  battles [pool-2-thread-1] (Remaining cards in deck: kienboec: 5; altenhof: 3)
2024-01-08 15:15:28,604 INFO  battles [pool-2-thread-1] 
--------
Round 24
--------
2024-01-08 15:15:28,604 INFO  battles [pool-2-thread-1] Deck of kienboec:
2024-01-08 15:15:28,604 INFO  battles [pool-2-thread-1]     WaterGoblin (10)
2024-01-08 15:15:28,604 INFO  battles [pool-2-thread-1]     RegularSpell (45)
2024-01-08 15:15:28,604 INFO  battles [pool-2-thread-1]     RegularSpell (28)
2024-01-08 15:15:28,604 INFO  battles [pool-2-thread-1]     WaterSpell (20)
2024-01-08 15:15:28,604 INFO  battles [pool-2-thread-1]     WaterSpell (22)
2024-01-08 15:15:28,604 INFO  battles [pool-2-thread-1] Deck of altenhof:
2024-01-08 15:15:28,604 INFO  battles [pool-2-thread-1]     Dragon (50)
2024-01-08 15:15:28,604 INFO  battles [pool-2-thread-1]     Knight (20)
2024-01-08 15:15:28,604 INFO  battles [pool-2-thread-1]     RegularSpell (50)
2024-01-08 15:15:28,607 INFO  battles [pool-2-thread-1] kienboec attacks with WaterGoblin (10) -> Actual Damage: 0
2024-01-08 15:15:28,607 INFO  battles [pool-2-thread-1] altenhof attacks with Dragon (50) -> Actual Damage: 50
2024-01-08 15:15:28,607 INFO  battles [pool-2-thread-1] WINNER: altenhof
2024-01-08 15:15:28,607 INFO  battles [pool-2-thread-1] -> Card "845f0dc7-37d0-426e-994e-43fc3ac83c08" (WaterGoblin) goes from kienboec to altenhof
2024-01-08 15:15:28,612 INFO  battles [pool-2-thread-1] (Remaining cards in deck: kienboec: 4; altenhof: 4)
2024-01-08 15:15:28,612 INFO  battles [pool-2-thread-1] 
--------
Round 25
--------
2024-01-08 15:15:28,612 INFO  battles [pool-2-thread-1] Deck of kienboec:
2024-01-08 15:15:28,612 INFO  battles [pool-2-thread-1]     RegularSpell (45)
2024-01-08 15:15:28,612 INFO  battles [pool-2-thread-1]     RegularSpell (28)
2024-01-08 15:15:28,612 INFO  battles [pool-2-thread-1]     WaterSpell (20)
2024-01-08 15:15:28,612 INFO  battles [pool-2-thread-1]     WaterSpell (22)
2024-01-08 15:15:28,612 INFO  battles [pool-2-thread-1] Deck of altenhof:
2024-01-08 15:15:28,612 INFO  battles [pool-2-thread-1]     Dragon (50)
2024-01-08 15:15:28,612 INFO  battles [pool-2-thread-1]     Knight (20)
2024-01-08 15:15:28,612 INFO  battles [pool-2-thread-1]     RegularSpell (50)
2024-01-08 15:15:28,612 INFO  battles [pool-2-thread-1]     WaterGoblin (10)
2024-01-08 15:15:28,614 INFO  battles [pool-2-thread-1] kienboec attacks with WaterSpell (20) -> Actual Damage: 10
2024-01-08 15:15:28,614 INFO  battles [pool-2-thread-1] altenhof attacks with Knight (20) -> Actual Damage: 0
2024-01-08 15:15:28,614 INFO  battles [pool-2-thread-1] WINNER: kienboec
2024-01-08 15:15:28,614 INFO  battles [pool-2-thread-1] -> Card "d6e9c720-9b5a-40c7-a6b2-bc34752e3463" (Knight) goes from altenhof to kienboec
2024-01-08 15:15:28,620 INFO  battles [pool-2-thread-1] (Remaining cards in deck: kienboec: 5; altenhof: 3)
2024-01-08 15:15:28,620 INFO  battles [pool-2-thread-1] 
--------
Round 26
--------
2024-01-08 15:15:28,620 INFO  battles [pool-2-thread-1] Deck of kienboec:
2024-01-08 15:15:28,620 INFO  battles [pool-2-thread-1]     RegularSpell (45)
2024-01-08 15:15:28,620 INFO  battles [pool-2-thread-1]     RegularSpell (28)
2024-01-08 15:15:28,620 INFO  battles [pool-2-thread-1]     WaterSpell (20)
2024-01-08 15:15:28,620 INFO  battles [pool-2-thread-1]     WaterSpell (22)
2024-01-08 15:15:28,620 INFO  battles [pool-2-thread-1]     Knight (20)
2024-01-08 15:15:28,620 INFO  battles [pool-2-thread-1] Deck of altenhof:
2024-01-08 15:15:28,620 INFO  battles [pool-2-thread-1]     Dragon (50)
2024-01-08 15:15:28,620 INFO  battles [pool-2-thread-1]     RegularSpell (50)
2024-01-08 15:15:28,620 INFO  battles [pool-2-thread-1]     WaterGoblin (10)
2024-01-08 15:15:28,622 INFO  battles [pool-2-thread-1] kienboec attacks with RegularSpell (45) -> Actual Damage: 22
2024-01-08 15:15:28,622 INFO  battles [pool-2-thread-1] altenhof attacks with Dragon (50) -> Actual Damage: 100
2024-01-08 15:15:28,622 INFO  battles [pool-2-thread-1] WINNER: altenhof
2024-01-08 15:15:28,622 INFO  battles [pool-2-thread-1] -> Card "02a9c76e-b17d-427f-9240-2dd49b0d3bfd" (RegularSpell) goes from kienboec to altenhof
2024-01-08 15:15:28,627 INFO  battles [pool-2-thread-1] (Remaining cards in deck: kienboec: 4; altenhof: 4)
2024-01-08 15:15:28,627 INFO  battles [pool-2-thread-1] 
--------
Round 27
--------
2024-01-08 15:15:28,627 INFO  battles [pool-2-thread-1] Deck of kienboec:
2024-01-08 15:15:28,627 INFO  battles [pool-2-thread-1]     RegularSpell (28)
2024-01-08 15:15:28,627 INFO  battles [pool-2-thread-1]     WaterSpell (20)
2024-01-08 15:15:28,627 INFO  battles [pool-2-thread-1]     WaterSpell (22)
2024-01-08 15:15:28,627 INFO  battles [pool-2-thread-1]     Knight (20)
2024-01-08 15:15:28,627 INFO  battles [pool-2-thread-1] Deck of altenhof:
2024-01-08 15:15:28,627 INFO  battles [pool-2-thread-1]     Dragon (50)
2024-01-08 15:15:28,627 INFO  battles [pool-2-thread-1]     RegularSpell (50)
2024-01-08 15:15:28,627 INFO  battles [pool-2-thread-1]     WaterGoblin (10)
2024-01-08 15:15:28,627 INFO  battles [pool-2-thread-1]     RegularSpell (45)
2024-01-08 15:15:28,629 INFO  battles [pool-2-thread-1] kienboec attacks with WaterSpell (20) -> Actual Damage: 20
2024-01-08 15:15:28,629 INFO  battles [pool-2-thread-1] altenhof attacks with WaterGoblin (10) -> Actual Damage: 10
2024-01-08 15:15:28,629 INFO  battles [pool-2-thread-1] WINNER: kienboec
2024-01-08 15:15:28,629 INFO  battles [pool-2-thread-1] -> Card "845f0dc7-37d0-426e-994e-43fc3ac83c08" (WaterGoblin) goes from altenhof to kienboec
2024-01-08 15:15:28,634 INFO  battles [pool-2-thread-1] (Remaining cards in deck: kienboec: 5; altenhof: 3)
2024-01-08 15:15:28,635 INFO  battles [pool-2-thread-1] 
--------
Round 28
--------
2024-01-08 15:15:28,635 INFO  battles [pool-2-thread-1] Deck of kienboec:
2024-01-08 15:15:28,635 INFO  battles [pool-2-thread-1]     RegularSpell (28)
2024-01-08 15:15:28,635 INFO  battles [pool-2-thread-1]     WaterSpell (20)
2024-01-08 15:15:28,635 INFO  battles [pool-2-thread-1]     WaterSpell (22)
2024-01-08 15:15:28,635 INFO  battles [pool-2-thread-1]     Knight (20)
2024-01-08 15:15:28,635 INFO  battles [pool-2-thread-1]     WaterGoblin (10)
2024-01-08 15:15:28,635 INFO  battles [pool-2-thread-1] Deck of altenhof:
2024-01-08 15:15:28,635 INFO  battles [pool-2-thread-1]     Dragon (50)
2024-01-08 15:15:28,635 INFO  battles [pool-2-thread-1]     RegularSpell (50)
2024-01-08 15:15:28,635 INFO  battles [pool-2-thread-1]     RegularSpell (45)
2024-01-08 15:15:28,637 INFO  battles [pool-2-thread-1] kienboec attacks with WaterSpell (22) -> Actual Damage: 11
2024-01-08 15:15:28,637 INFO  battles [pool-2-thread-1] altenhof attacks with RegularSpell (45) -> Actual Damage: 90
2024-01-08 15:15:28,637 INFO  battles [pool-2-thread-1] WINNER: altenhof
2024-01-08 15:15:28,637 INFO  battles [pool-2-thread-1] -> Card "d60e23cf-2238-4d49-844f-c7589ee5342e" (WaterSpell) goes from kienboec to altenhof
2024-01-08 15:15:28,641 INFO  battles [pool-2-thread-1] (Remaining cards in deck: kienboec: 4; altenhof: 4)
2024-01-08 15:15:28,641 INFO  battles [pool-2-thread-1] 
--------
Round 29
--------
2024-01-08 15:15:28,641 INFO  battles [pool-2-thread-1] Deck of kienboec:
2024-01-08 15:15:28,641 INFO  battles [pool-2-thread-1]     RegularSpell (28)
2024-01-08 15:15:28,641 INFO  battles [pool-2-thread-1]     WaterSpell (20)
2024-01-08 15:15:28,641 INFO  battles [pool-2-thread-1]     Knight (20)
2024-01-08 15:15:28,641 INFO  battles [pool-2-thread-1]     WaterGoblin (10)
2024-01-08 15:15:28,641 INFO  battles [pool-2-thread-1] Deck of altenhof:
2024-01-08 15:15:28,641 INFO  battles [pool-2-thread-1]     Dragon (50)
2024-01-08 15:15:28,642 INFO  battles [pool-2-thread-1]     RegularSpell (50)
2024-01-08 15:15:28,642 INFO  battles [pool-2-thread-1]     RegularSpell (45)
2024-01-08 15:15:28,642 INFO  battles [pool-2-thread-1]     WaterSpell (22)
2024-01-08 15:15:28,644 INFO  battles [pool-2-thread-1] kienboec attacks with WaterSpell (20) -> Actual Damage: 10
2024-01-08 15:15:28,644 INFO  battles [pool-2-thread-1] altenhof attacks with RegularSpell (50) -> Actual Damage: 100
2024-01-08 15:15:28,644 INFO  battles [pool-2-thread-1] WINNER: altenhof
2024-01-08 15:15:28,644 INFO  battles [pool-2-thread-1] -> Card "e85e3976-7c86-4d06-9a80-641c2019a79f" (WaterSpell) goes from kienboec to altenhof
2024-01-08 15:15:28,649 INFO  battles [pool-2-thread-1] (Remaining cards in deck: kienboec: 3; altenhof: 5)
2024-01-08 15:15:28,649 INFO  battles [pool-2-thread-1] 
--------
Round 30
--------
2024-01-08 15:15:28,649 INFO  battles [pool-2-thread-1] Deck of kienboec:
2024-01-08 15:15:28,649 INFO  battles [pool-2-thread-1]     RegularSpell (28)
2024-01-08 15:15:28,649 INFO  battles [pool-2-thread-1]     Knight (20)
2024-01-08 15:15:28,649 INFO  battles [pool-2-thread-1]     WaterGoblin (10)
2024-01-08 15:15:28,649 INFO  battles [pool-2-thread-1] Deck of altenhof:
2024-01-08 15:15:28,649 INFO  battles [pool-2-thread-1]     Dragon (50)
2024-01-08 15:15:28,649 INFO  battles [pool-2-thread-1]     RegularSpell (50)
2024-01-08 15:15:28,649 INFO  battles [pool-2-thread-1]     RegularSpell (45)
2024-01-08 15:15:28,649 INFO  battles [pool-2-thread-1]     WaterSpell (22)
2024-01-08 15:15:28,649 INFO  battles [pool-2-thread-1]     WaterSpell (20)
2024-01-08 15:15:28,652 INFO  battles [pool-2-thread-1] kienboec attacks with Knight (20) -> Actual Damage: 0
2024-01-08 15:15:28,653 INFO  battles [pool-2-thread-1] altenhof attacks with WaterSpell (22) -> Actual Damage: 11
2024-01-08 15:15:28,653 INFO  battles [pool-2-thread-1] WINNER: altenhof
2024-01-08 15:15:28,653 INFO  battles [pool-2-thread-1] -> Card "d6e9c720-9b5a-40c7-a6b2-bc34752e3463" (Knight) goes from kienboec to altenhof
2024-01-08 15:15:28,658 INFO  battles [pool-2-thread-1] (Remaining cards in deck: kienboec: 2; altenhof: 6)
2024-01-08 15:15:28,658 INFO  battles [pool-2-thread-1] 
--------
Round 31
--------
2024-01-08 15:15:28,658 INFO  battles [pool-2-thread-1] Deck of kienboec:
2024-01-08 15:15:28,659 INFO  battles [pool-2-thread-1]     RegularSpell (28)
2024-01-08 15:15:28,659 INFO  battles [pool-2-thread-1]     WaterGoblin (10)
2024-01-08 15:15:28,659 INFO  battles [pool-2-thread-1] Deck of altenhof:
2024-01-08 15:15:28,659 INFO  battles [pool-2-thread-1]     Dragon (50)
2024-01-08 15:15:28,659 INFO  battles [pool-2-thread-1]     RegularSpell (50)
2024-01-08 15:15:28,659 INFO  battles [pool-2-thread-1]     RegularSpell (45)
2024-01-08 15:15:28,659 INFO  battles [pool-2-thread-1]     WaterSpell (22)
2024-01-08 15:15:28,659 INFO  battles [pool-2-thread-1]     WaterSpell (20)
2024-01-08 15:15:28,659 INFO  battles [pool-2-thread-1]     Knight (20)
2024-01-08 15:15:28,661 INFO  battles [pool-2-thread-1] kienboec attacks with WaterGoblin (10) -> Actual Damage: 10
2024-01-08 15:15:28,661 INFO  battles [pool-2-thread-1] altenhof attacks with WaterSpell (22) -> Actual Damage: 22
2024-01-08 15:15:28,661 INFO  battles [pool-2-thread-1] WINNER: altenhof
2024-01-08 15:15:28,661 INFO  battles [pool-2-thread-1] -> Card "845f0dc7-37d0-426e-994e-43fc3ac83c08" (WaterGoblin) goes from kienboec to altenhof
2024-01-08 15:15:28,666 INFO  battles [pool-2-thread-1] (Remaining cards in deck: kienboec: 1; altenhof: 7)
2024-01-08 15:15:28,666 INFO  battles [pool-2-thread-1] 
--------
Round 32
--------
2024-01-08 15:15:28,666 INFO  battles [pool-2-thread-1] Deck of kienboec:
2024-01-08 15:15:28,666 INFO  battles [pool-2-thread-1]     RegularSpell (28)
2024-01-08 15:15:28,666 INFO  battles [pool-2-thread-1] Deck of altenhof:
2024-01-08 15:15:28,666 INFO  battles [pool-2-thread-1]     Dragon (50)
2024-01-08 15:15:28,666 INFO  battles [pool-2-thread-1]     RegularSpell (50)
2024-01-08 15:15:28,666 INFO  battles [pool-2-thread-1]     RegularSpell (45)
2024-01-08 15:15:28,666 INFO  battles [pool-2-thread-1]     WaterSpell (22)
2024-01-08 15:15:28,666 INFO  battles [pool-2-thread-1]     WaterSpell (20)
2024-01-08 15:15:28,666 INFO  battles [pool-2-thread-1]     Knight (20)
2024-01-08 15:15:28,666 INFO  battles [pool-2-thread-1]     WaterGoblin (10)
2024-01-08 15:15:28,669 INFO  battles [pool-2-thread-1] kienboec attacks with RegularSpell (28) -> Actual Damage: 56
2024-01-08 15:15:28,669 INFO  battles [pool-2-thread-1] altenhof attacks with WaterSpell (22) -> Actual Damage: 11
2024-01-08 15:15:28,669 INFO  battles [pool-2-thread-1] WINNER: kienboec
2024-01-08 15:15:28,669 INFO  battles [pool-2-thread-1] -> Card "d60e23cf-2238-4d49-844f-c7589ee5342e" (WaterSpell) goes from altenhof to kienboec
2024-01-08 15:15:28,675 INFO  battles [pool-2-thread-1] (Remaining cards in deck: kienboec: 2; altenhof: 6)
2024-01-08 15:15:28,675 INFO  battles [pool-2-thread-1] 
--------
Round 33
--------
2024-01-08 15:15:28,675 INFO  battles [pool-2-thread-1] Deck of kienboec:
2024-01-08 15:15:28,675 INFO  battles [pool-2-thread-1]     RegularSpell (28)
2024-01-08 15:15:28,675 INFO  battles [pool-2-thread-1]     WaterSpell (22)
2024-01-08 15:15:28,675 INFO  battles [pool-2-thread-1] Deck of altenhof:
2024-01-08 15:15:28,675 INFO  battles [pool-2-thread-1]     Dragon (50)
2024-01-08 15:15:28,675 INFO  battles [pool-2-thread-1]     RegularSpell (50)
2024-01-08 15:15:28,675 INFO  battles [pool-2-thread-1]     RegularSpell (45)
2024-01-08 15:15:28,675 INFO  battles [pool-2-thread-1]     WaterSpell (20)
2024-01-08 15:15:28,675 INFO  battles [pool-2-thread-1]     Knight (20)
2024-01-08 15:15:28,675 INFO  battles [pool-2-thread-1]     WaterGoblin (10)
2024-01-08 15:15:28,677 INFO  battles [pool-2-thread-1] kienboec attacks with WaterSpell (22) -> Actual Damage: 22
2024-01-08 15:15:28,677 INFO  battles [pool-2-thread-1] altenhof attacks with WaterGoblin (10) -> Actual Damage: 10
2024-01-08 15:15:28,678 INFO  battles [pool-2-thread-1] WINNER: kienboec
2024-01-08 15:15:28,678 INFO  battles [pool-2-thread-1] -> Card "845f0dc7-37d0-426e-994e-43fc3ac83c08" (WaterGoblin) goes from altenhof to kienboec
2024-01-08 15:15:28,683 INFO  battles [pool-2-thread-1] (Remaining cards in deck: kienboec: 3; altenhof: 5)
2024-01-08 15:15:28,683 INFO  battles [pool-2-thread-1] 
--------
Round 34
--------
2024-01-08 15:15:28,683 INFO  battles [pool-2-thread-1] Deck of kienboec:
2024-01-08 15:15:28,683 INFO  battles [pool-2-thread-1]     RegularSpell (28)
2024-01-08 15:15:28,683 INFO  battles [pool-2-thread-1]     WaterSpell (22)
2024-01-08 15:15:28,683 INFO  battles [pool-2-thread-1]     WaterGoblin (10)
2024-01-08 15:15:28,683 INFO  battles [pool-2-thread-1] Deck of altenhof:
2024-01-08 15:15:28,683 INFO  battles [pool-2-thread-1]     Dragon (50)
2024-01-08 15:15:28,683 INFO  battles [pool-2-thread-1]     RegularSpell (50)
2024-01-08 15:15:28,683 INFO  battles [pool-2-thread-1]     RegularSpell (45)
2024-01-08 15:15:28,683 INFO  battles [pool-2-thread-1]     WaterSpell (20)
2024-01-08 15:15:28,683 INFO  battles [pool-2-thread-1]     Knight (20)
2024-01-08 15:15:28,686 INFO  battles [pool-2-thread-1] kienboec attacks with WaterGoblin (10) -> Actual Damage: 10
2024-01-08 15:15:28,686 INFO  battles [pool-2-thread-1] altenhof attacks with WaterSpell (20) -> Actual Damage: 20
2024-01-08 15:15:28,686 INFO  battles [pool-2-thread-1] WINNER: altenhof
2024-01-08 15:15:28,686 INFO  battles [pool-2-thread-1] -> Card "845f0dc7-37d0-426e-994e-43fc3ac83c08" (WaterGoblin) goes from kienboec to altenhof
2024-01-08 15:15:28,691 INFO  battles [pool-2-thread-1] (Remaining cards in deck: kienboec: 2; altenhof: 6)
2024-01-08 15:15:28,691 INFO  battles [pool-2-thread-1] 
--------
Round 35
--------
2024-01-08 15:15:28,691 INFO  battles [pool-2-thread-1] Deck of kienboec:
2024-01-08 15:15:28,691 INFO  battles [pool-2-thread-1]     RegularSpell (28)
2024-01-08 15:15:28,691 INFO  battles [pool-2-thread-1]     WaterSpell (22)
2024-01-08 15:15:28,691 INFO  battles [pool-2-thread-1] Deck of altenhof:
2024-01-08 15:15:28,691 INFO  battles [pool-2-thread-1]     Dragon (50)
2024-01-08 15:15:28,691 INFO  battles [pool-2-thread-1]     RegularSpell (50)
2024-01-08 15:15:28,691 INFO  battles [pool-2-thread-1]     RegularSpell (45)
2024-01-08 15:15:28,691 INFO  battles [pool-2-thread-1]     WaterSpell (20)
2024-01-08 15:15:28,691 INFO  battles [pool-2-thread-1]     Knight (20)
2024-01-08 15:15:28,691 INFO  battles [pool-2-thread-1]     WaterGoblin (10)
2024-01-08 15:15:28,694 INFO  battles [pool-2-thread-1] kienboec attacks with WaterSpell (22) -> Actual Damage: 11
2024-01-08 15:15:28,694 INFO  battles [pool-2-thread-1] altenhof attacks with Knight (20) -> Actual Damage: 0
2024-01-08 15:15:28,694 INFO  battles [pool-2-thread-1] WINNER: kienboec
2024-01-08 15:15:28,694 INFO  battles [pool-2-thread-1] -> Card "d6e9c720-9b5a-40c7-a6b2-bc34752e3463" (Knight) goes from altenhof to kienboec
2024-01-08 15:15:28,699 INFO  battles [pool-2-thread-1] (Remaining cards in deck: kienboec: 3; altenhof: 5)
2024-01-08 15:15:28,699 INFO  battles [pool-2-thread-1] 
--------
Round 36
--------
2024-01-08 15:15:28,699 INFO  battles [pool-2-thread-1] Deck of kienboec:
2024-01-08 15:15:28,699 INFO  battles [pool-2-thread-1]     RegularSpell (28)
2024-01-08 15:15:28,699 INFO  battles [pool-2-thread-1]     WaterSpell (22)
2024-01-08 15:15:28,699 INFO  battles [pool-2-thread-1]     Knight (20)
2024-01-08 15:15:28,699 INFO  battles [pool-2-thread-1] Deck of altenhof:
2024-01-08 15:15:28,699 INFO  battles [pool-2-thread-1]     Dragon (50)
2024-01-08 15:15:28,699 INFO  battles [pool-2-thread-1]     RegularSpell (50)
2024-01-08 15:15:28,699 INFO  battles [pool-2-thread-1]     RegularSpell (45)
2024-01-08 15:15:28,699 INFO  battles [pool-2-thread-1]     WaterSpell (20)
2024-01-08 15:15:28,699 INFO  battles [pool-2-thread-1]     WaterGoblin (10)
2024-01-08 15:15:28,700 INFO  battles [pool-2-thread-1] kienboec attacks with Knight (20) -> Actual Damage: 20
2024-01-08 15:15:28,701 INFO  battles [pool-2-thread-1] altenhof attacks with Dragon (50) -> Actual Damage: 50
2024-01-08 15:15:28,701 INFO  battles [pool-2-thread-1] WINNER: altenhof
2024-01-08 15:15:28,701 INFO  battles [pool-2-thread-1] -> Card "d6e9c720-9b5a-40c7-a6b2-bc34752e3463" (Knight) goes from kienboec to altenhof
2024-01-08 15:15:28,705 INFO  battles [pool-2-thread-1] (Remaining cards in deck: kienboec: 2; altenhof: 6)
2024-01-08 15:15:28,705 INFO  battles [pool-2-thread-1] 
--------
Round 37
--------
2024-01-08 15:15:28,705 INFO  battles [pool-2-thread-1] Deck of kienboec:
2024-01-08 15:15:28,705 INFO  battles [pool-2-thread-1]     RegularSpell (28)
2024-01-08 15:15:28,706 INFO  battles [pool-2-thread-1]     WaterSpell (22)
2024-01-08 15:15:28,706 INFO  battles [pool-2-thread-1] Deck of altenhof:
2024-01-08 15:15:28,706 INFO  battles [pool-2-thread-1]     Dragon (50)
2024-01-08 15:15:28,706 INFO  battles [pool-2-thread-1]     RegularSpell (50)
2024-01-08 15:15:28,706 INFO  battles [pool-2-thread-1]     RegularSpell (45)
2024-01-08 15:15:28,706 INFO  battles [pool-2-thread-1]     WaterSpell (20)
2024-01-08 15:15:28,706 INFO  battles [pool-2-thread-1]     WaterGoblin (10)
2024-01-08 15:15:28,706 INFO  battles [pool-2-thread-1]     Knight (20)
2024-01-08 15:15:28,708 INFO  battles [pool-2-thread-1] kienboec attacks with RegularSpell (28) -> Actual Damage: 56
2024-01-08 15:15:28,708 INFO  battles [pool-2-thread-1] altenhof attacks with WaterGoblin (10) -> Actual Damage: 5
2024-01-08 15:15:28,708 INFO  battles [pool-2-thread-1] WINNER: kienboec
2024-01-08 15:15:28,708 INFO  battles [pool-2-thread-1] -> Card "845f0dc7-37d0-426e-994e-43fc3ac83c08" (WaterGoblin) goes from altenhof to kienboec
2024-01-08 15:15:28,712 INFO  battles [pool-2-thread-1] (Remaining cards in deck: kienboec: 3; altenhof: 5)
2024-01-08 15:15:28,712 INFO  battles [pool-2-thread-1] 
--------
Round 38
--------
2024-01-08 15:15:28,712 INFO  battles [pool-2-thread-1] Deck of kienboec:
2024-01-08 15:15:28,712 INFO  battles [pool-2-thread-1]     RegularSpell (28)
2024-01-08 15:15:28,712 INFO  battles [pool-2-thread-1]     WaterSpell (22)
2024-01-08 15:15:28,712 INFO  battles [pool-2-thread-1]     WaterGoblin (10)
2024-01-08 15:15:28,712 INFO  battles [pool-2-thread-1] Deck of altenhof:
2024-01-08 15:15:28,712 INFO  battles [pool-2-thread-1]     Dragon (50)
2024-01-08 15:15:28,712 INFO  battles [pool-2-thread-1]     RegularSpell (50)
2024-01-08 15:15:28,712 INFO  battles [pool-2-thread-1]     RegularSpell (45)
2024-01-08 15:15:28,712 INFO  battles [pool-2-thread-1]     WaterSpell (20)
2024-01-08 15:15:28,712 INFO  battles [pool-2-thread-1]     Knight (20)
2024-01-08 15:15:28,716 INFO  battles [pool-2-thread-1] kienboec attacks with WaterSpell (22) -> Actual Damage: 11
2024-01-08 15:15:28,716 INFO  battles [pool-2-thread-1] altenhof attacks with RegularSpell (50) -> Actual Damage: 100
2024-01-08 15:15:28,716 INFO  battles [pool-2-thread-1] WINNER: altenhof
2024-01-08 15:15:28,716 INFO  battles [pool-2-thread-1] -> Card "d60e23cf-2238-4d49-844f-c7589ee5342e" (WaterSpell) goes from kienboec to altenhof
2024-01-08 15:15:28,720 INFO  battles [pool-2-thread-1] (Remaining cards in deck: kienboec: 2; altenhof: 6)
2024-01-08 15:15:28,720 INFO  battles [pool-2-thread-1] 
--------
Round 39
--------
2024-01-08 15:15:28,720 INFO  battles [pool-2-thread-1] Deck of kienboec:
2024-01-08 15:15:28,720 INFO  battles [pool-2-thread-1]     RegularSpell (28)
2024-01-08 15:15:28,720 INFO  battles [pool-2-thread-1]     WaterGoblin (10)
2024-01-08 15:15:28,721 INFO  battles [pool-2-thread-1] Deck of altenhof:
2024-01-08 15:15:28,721 INFO  battles [pool-2-thread-1]     Dragon (50)
2024-01-08 15:15:28,721 INFO  battles [pool-2-thread-1]     RegularSpell (50)
2024-01-08 15:15:28,721 INFO  battles [pool-2-thread-1]     RegularSpell (45)
2024-01-08 15:15:28,721 INFO  battles [pool-2-thread-1]     WaterSpell (20)
2024-01-08 15:15:28,721 INFO  battles [pool-2-thread-1]     Knight (20)
2024-01-08 15:15:28,721 INFO  battles [pool-2-thread-1]     WaterSpell (22)
2024-01-08 15:15:28,722 INFO  battles [pool-2-thread-1] kienboec attacks with RegularSpell (28) -> Actual Damage: 56
2024-01-08 15:15:28,722 INFO  battles [pool-2-thread-1] altenhof attacks with WaterSpell (22) -> Actual Damage: 11
2024-01-08 15:15:28,722 INFO  battles [pool-2-thread-1] WINNER: kienboec
2024-01-08 15:15:28,722 INFO  battles [pool-2-thread-1] -> Card "d60e23cf-2238-4d49-844f-c7589ee5342e" (WaterSpell) goes from altenhof to kienboec
2024-01-08 15:15:28,732 INFO  battles [pool-2-thread-1] (Remaining cards in deck: kienboec: 3; altenhof: 5)
2024-01-08 15:15:28,732 INFO  battles [pool-2-thread-1] 
--------
Round 40
--------
2024-01-08 15:15:28,732 INFO  battles [pool-2-thread-1] Deck of kienboec:
2024-01-08 15:15:28,732 INFO  battles [pool-2-thread-1]     RegularSpell (28)
2024-01-08 15:15:28,732 INFO  battles [pool-2-thread-1]     WaterGoblin (10)
2024-01-08 15:15:28,732 INFO  battles [pool-2-thread-1]     WaterSpell (22)
2024-01-08 15:15:28,732 INFO  battles [pool-2-thread-1] Deck of altenhof:
2024-01-08 15:15:28,732 INFO  battles [pool-2-thread-1]     Dragon (50)
2024-01-08 15:15:28,732 INFO  battles [pool-2-thread-1]     RegularSpell (50)
2024-01-08 15:15:28,732 INFO  battles [pool-2-thread-1]     RegularSpell (45)
2024-01-08 15:15:28,732 INFO  battles [pool-2-thread-1]     WaterSpell (20)
2024-01-08 15:15:28,732 INFO  battles [pool-2-thread-1]     Knight (20)
2024-01-08 15:15:28,735 INFO  battles [pool-2-thread-1] kienboec attacks with WaterGoblin (10) -> Actual Damage: 10
2024-01-08 15:15:28,735 INFO  battles [pool-2-thread-1] altenhof attacks with Knight (20) -> Actual Damage: 20
2024-01-08 15:15:28,735 INFO  battles [pool-2-thread-1] WINNER: altenhof
2024-01-08 15:15:28,735 INFO  battles [pool-2-thread-1] -> Card "845f0dc7-37d0-426e-994e-43fc3ac83c08" (WaterGoblin) goes from kienboec to altenhof
2024-01-08 15:15:28,740 INFO  battles [pool-2-thread-1] (Remaining cards in deck: kienboec: 2; altenhof: 6)
2024-01-08 15:15:28,740 INFO  battles [pool-2-thread-1] 
--------
Round 41
--------
2024-01-08 15:15:28,740 INFO  battles [pool-2-thread-1] Deck of kienboec:
2024-01-08 15:15:28,740 INFO  battles [pool-2-thread-1]     RegularSpell (28)
2024-01-08 15:15:28,740 INFO  battles [pool-2-thread-1]     WaterSpell (22)
2024-01-08 15:15:28,740 INFO  battles [pool-2-thread-1] Deck of altenhof:
2024-01-08 15:15:28,740 INFO  battles [pool-2-thread-1]     Dragon (50)
2024-01-08 15:15:28,740 INFO  battles [pool-2-thread-1]     RegularSpell (50)
2024-01-08 15:15:28,740 INFO  battles [pool-2-thread-1]     RegularSpell (45)
2024-01-08 15:15:28,740 INFO  battles [pool-2-thread-1]     WaterSpell (20)
2024-01-08 15:15:28,740 INFO  battles [pool-2-thread-1]     Knight (20)
2024-01-08 15:15:28,740 INFO  battles [pool-2-thread-1]     WaterGoblin (10)
2024-01-08 15:15:28,742 INFO  battles [pool-2-thread-1] kienboec attacks with RegularSpell (28) -> Actual Damage: 28
2024-01-08 15:15:28,742 INFO  battles [pool-2-thread-1] altenhof attacks with RegularSpell (50) -> Actual Damage: 50
2024-01-08 15:15:28,742 INFO  battles [pool-2-thread-1] WINNER: altenhof
2024-01-08 15:15:28,742 INFO  battles [pool-2-thread-1] -> Card "171f6076-4eb5-4a7d-b3f2-2d650cc3d237" (RegularSpell) goes from kienboec to altenhof
2024-01-08 15:15:28,747 INFO  battles [pool-2-thread-1] (Remaining cards in deck: kienboec: 1; altenhof: 7)
2024-01-08 15:15:28,747 INFO  battles [pool-2-thread-1] 
--------
Round 42
--------
2024-01-08 15:15:28,747 INFO  battles [pool-2-thread-1] Deck of kienboec:
2024-01-08 15:15:28,747 INFO  battles [pool-2-thread-1]     WaterSpell (22)
2024-01-08 15:15:28,747 INFO  battles [pool-2-thread-1] Deck of altenhof:
2024-01-08 15:15:28,747 INFO  battles [pool-2-thread-1]     Dragon (50)
2024-01-08 15:15:28,747 INFO  battles [pool-2-thread-1]     RegularSpell (50)
2024-01-08 15:15:28,747 INFO  battles [pool-2-thread-1]     RegularSpell (45)
2024-01-08 15:15:28,747 INFO  battles [pool-2-thread-1]     WaterSpell (20)
2024-01-08 15:15:28,747 INFO  battles [pool-2-thread-1]     Knight (20)
2024-01-08 15:15:28,747 INFO  battles [pool-2-thread-1]     WaterGoblin (10)
2024-01-08 15:15:28,747 INFO  battles [pool-2-thread-1]     RegularSpell (28)
2024-01-08 15:15:28,749 INFO  battles [pool-2-thread-1] kienboec attacks with WaterSpell (22) -> Actual Damage: 11
2024-01-08 15:15:28,749 INFO  battles [pool-2-thread-1] altenhof attacks with RegularSpell (28) -> Actual Damage: 56
2024-01-08 15:15:28,749 INFO  battles [pool-2-thread-1] WINNER: altenhof
2024-01-08 15:15:28,749 INFO  battles [pool-2-thread-1] -> Card "d60e23cf-2238-4d49-844f-c7589ee5342e" (WaterSpell) goes from kienboec to altenhof
2024-01-08 15:15:28,754 INFO  battles [pool-2-thread-1] (Remaining cards in deck: kienboec: 0; altenhof: 8)
2024-01-08 15:15:28,767 INFO  battles [pool-2-thread-1] 
----------------------------------------
BATTLE OVER! Result: !!! WINNER IS altenhof !!!
----------------------------------------
2024-01-08 15:17:37,167 INFO  battles [pool-2-thread-1] Battle started with users altenhof and kienboec
2024-01-08 15:17:37,175 INFO  battles [pool-2-thread-1] 
--------
Round 1
--------
2024-01-08 15:17:37,176 INFO  battles [pool-2-thread-1] Deck of altenhof:
2024-01-08 15:17:37,177 INFO  battles [pool-2-thread-1]     Knight (20)
2024-01-08 15:17:37,177 INFO  battles [pool-2-thread-1]     WaterSpell (22)
2024-01-08 15:17:37,177 INFO  battles [pool-2-thread-1]     RegularSpell (45)
2024-01-08 15:17:37,177 INFO  battles [pool-2-thread-1]     RegularSpell (50)
2024-01-08 15:17:37,177 INFO  battles [pool-2-thread-1] Deck of kienboec:
2024-01-08 15:17:37,177 INFO  battles [pool-2-thread-1]     WaterGoblin (10)
2024-01-08 15:17:37,177 INFO  battles [pool-2-thread-1]     Dragon (50)
2024-01-08 15:17:37,177 INFO  battles [pool-2-thread-1]     WaterSpell (20)
2024-01-08 15:17:37,177 INFO  battles [pool-2-thread-1]     RegularSpell (28)
2024-01-08 15:17:37,183 INFO  battles [pool-2-thread-1] altenhof attacks with RegularSpell (45) -> Actual Damage: 45
2024-01-08 15:17:37,183 INFO  battles [pool-2-thread-1] kienboec attacks with RegularSpell (28) -> Actual Damage: 28
2024-01-08 15:17:37,183 INFO  battles [pool-2-thread-1] WINNER: altenhof
2024-01-08 15:17:37,186 INFO  battles [pool-2-thread-1] -> Card "171f6076-4eb5-4a7d-b3f2-2d650cc3d237" (RegularSpell) goes from kienboec to altenhof
2024-01-08 15:17:37,193 INFO  battles [pool-2-thread-1] (Remaining cards in deck: altenhof: 5; kienboec: 3)
2024-01-08 15:17:37,194 INFO  battles [pool-2-thread-1] 
--------
Round 2
--------
2024-01-08 15:17:37,194 INFO  battles [pool-2-thread-1] Deck of altenhof:
2024-01-08 15:17:37,194 INFO  battles [pool-2-thread-1]     Knight (20)
2024-01-08 15:17:37,194 INFO  battles [pool-2-thread-1]     WaterSpell (22)
2024-01-08 15:17:37,194 INFO  battles [pool-2-thread-1]     RegularSpell (45)
2024-01-08 15:17:37,194 INFO  battles [pool-2-thread-1]     RegularSpell (50)
2024-01-08 15:17:37,194 INFO  battles [pool-2-thread-1]     RegularSpell (28)
2024-01-08 15:17:37,194 INFO  battles [pool-2-thread-1] Deck of kienboec:
2024-01-08 15:17:37,194 INFO  battles [pool-2-thread-1]     WaterGoblin (10)
2024-01-08 15:17:37,194 INFO  battles [pool-2-thread-1]     Dragon (50)
2024-01-08 15:17:37,194 INFO  battles [pool-2-thread-1]     WaterSpell (20)
2024-01-08 15:17:37,197 INFO  battles [pool-2-thread-1] altenhof attacks with RegularSpell (50) -> Actual Damage: 25
2024-01-08 15:17:37,197 INFO  battles [pool-2-thread-1] kienboec attacks with Dragon (50) -> Actual Damage: 100
2024-01-08 15:17:37,197 INFO  battles [pool-2-thread-1] WINNER: kienboec
2024-01-08 15:17:37,197 INFO  battles [pool-2-thread-1] -> Card "aa9999a0-734c-49c6-8f4a-651864b14e62" (RegularSpell) goes from altenhof to kienboec
2024-01-08 15:17:37,202 INFO  battles [pool-2-thread-1] (Remaining cards in deck: altenhof: 4; kienboec: 4)
2024-01-08 15:17:37,202 INFO  battles [pool-2-thread-1] 
--------
Round 3
--------
2024-01-08 15:17:37,202 INFO  battles [pool-2-thread-1] Deck of altenhof:
2024-01-08 15:17:37,202 INFO  battles [pool-2-thread-1]     Knight (20)
2024-01-08 15:17:37,202 INFO  battles [pool-2-thread-1]     WaterSpell (22)
2024-01-08 15:17:37,202 INFO  battles [pool-2-thread-1]     RegularSpell (45)
2024-01-08 15:17:37,202 INFO  battles [pool-2-thread-1]     RegularSpell (28)
2024-01-08 15:17:37,202 INFO  battles [pool-2-thread-1] Deck of kienboec:
2024-01-08 15:17:37,202 INFO  battles [pool-2-thread-1]     WaterGoblin (10)
2024-01-08 15:17:37,203 INFO  battles [pool-2-thread-1]     Dragon (50)
2024-01-08 15:17:37,203 INFO  battles [pool-2-thread-1]     WaterSpell (20)
2024-01-08 15:17:37,203 INFO  battles [pool-2-thread-1]     RegularSpell (50)
2024-01-08 15:17:37,205 INFO  battles [pool-2-thread-1] altenhof attacks with RegularSpell (28) -> Actual Damage: 28
2024-01-08 15:17:37,205 INFO  battles [pool-2-thread-1] kienboec attacks with RegularSpell (50) -> Actual Damage: 50
2024-01-08 15:17:37,205 INFO  battles [pool-2-thread-1] WINNER: kienboec
2024-01-08 15:17:37,205 INFO  battles [pool-2-thread-1] -> Card "171f6076-4eb5-4a7d-b3f2-2d650cc3d237" (RegularSpell) goes from altenhof to kienboec
2024-01-08 15:17:37,209 INFO  battles [pool-2-thread-1] (Remaining cards in deck: altenhof: 3; kienboec: 5)
2024-01-08 15:17:37,209 INFO  battles [pool-2-thread-1] 
--------
Round 4
--------
2024-01-08 15:17:37,210 INFO  battles [pool-2-thread-1] Deck of altenhof:
2024-01-08 15:17:37,210 INFO  battles [pool-2-thread-1]     Knight (20)
2024-01-08 15:17:37,210 INFO  battles [pool-2-thread-1]     WaterSpell (22)
2024-01-08 15:17:37,210 INFO  battles [pool-2-thread-1]     RegularSpell (45)
2024-01-08 15:17:37,210 INFO  battles [pool-2-thread-1] Deck of kienboec:
2024-01-08 15:17:37,210 INFO  battles [pool-2-thread-1]     WaterGoblin (10)
2024-01-08 15:17:37,210 INFO  battles [pool-2-thread-1]     Dragon (50)
2024-01-08 15:17:37,210 INFO  battles [pool-2-thread-1]     WaterSpell (20)
2024-01-08 15:17:37,210 INFO  battles [pool-2-thread-1]     RegularSpell (50)
2024-01-08 15:17:37,210 INFO  battles [pool-2-thread-1]     RegularSpell (28)
2024-01-08 15:17:37,212 INFO  battles [pool-2-thread-1] altenhof attacks with RegularSpell (45) -> Actual Damage: 90
2024-01-08 15:17:37,212 INFO  battles [pool-2-thread-1] kienboec attacks with WaterSpell (20) -> Actual Damage: 10
2024-01-08 15:17:37,212 INFO  battles [pool-2-thread-1] WINNER: altenhof
2024-01-08 15:17:37,212 INFO  battles [pool-2-thread-1] -> Card "e85e3976-7c86-4d06-9a80-641c2019a79f" (WaterSpell) goes from kienboec to altenhof
2024-01-08 15:17:37,225 INFO  battles [pool-2-thread-1] 
----------------------------------------
BATTLE OVER! Result: DRAW
----------------------------------------
